[12-Mar-2019 22:59:53 UTC] PHP Fatal error:  Uncaught exception 'PDOException' with message 'SQLSTATE[42S22]: Column not found: 1054 Unknown column 'productPrice' in 'order clause'' in /home/ubuntu/workspace/cst336/labs/lab6/api/getProducts.php:16
Stack trace:
#0 /home/ubuntu/workspace/cst336/labs/lab6/api/getProducts.php(16): PDOStatement->execute()
#1 {main}
  thrown in /home/ubuntu/workspace/cst336/labs/lab6/api/getProducts.php on line 16
[12-Mar-2019 23:15:43 UTC] PHP Warning:  include(../../../inc/dbConnection.php): failed to open stream: No such file or directory in /home/ubuntu/workspace/cst336/labs/lab6/api/getCategories.php on line 2
[12-Mar-2019 23:15:43 UTC] PHP Fatal error:  Uncaught exception 'PDOException' with message 'SQLSTATE[42S22]: Column not found: 1054 Unknown column 'productPrice' in 'order clause'' in /home/ubuntu/workspace/cst336/labs/lab6/api/getProducts.php:16
Stack trace:
#0 /home/ubuntu/workspace/cst336/labs/lab6/api/getProducts.php(16): PDOStatement->execute()
#1 {main}
  thrown in /home/ubuntu/workspace/cst336/labs/lab6/api/getProducts.php on line 16
[12-Mar-2019 23:15:43 UTC] PHP Stack trace:
[12-Mar-2019 23:15:43 UTC] PHP   1. {main}() /home/ubuntu/workspace/cst336/labs/lab6/api/getCategories.php:0
[12-Mar-2019 23:15:43 UTC] PHP Warning:  include(): Failed opening '../../../inc/dbConnection.php' for inclusion (include_path='.:/usr/share/php:/usr/share/pear') in /home/ubuntu/workspace/cst336/labs/lab6/api/getCategories.php on line 2
[12-Mar-2019 23:15:43 UTC] PHP Stack trace:
[12-Mar-2019 23:15:43 UTC] PHP   1. {main}() /home/ubuntu/workspace/cst336/labs/lab6/api/getCategories.php:0
[12-Mar-2019 23:15:43 UTC] PHP Fatal error:  Call to undefined function getDatabaseConnection() in /home/ubuntu/workspace/cst336/labs/lab6/api/getCategories.php on line 3
[12-Mar-2019 23:15:43 UTC] PHP Stack trace:
[12-Mar-2019 23:15:43 UTC] PHP   1. {main}() /home/ubuntu/workspace/cst336/labs/lab6/api/getCategories.php:0
[12-Mar-2019 23:16:46 UTC] PHP Fatal error:  Uncaught exception 'PDOException' with message 'SQLSTATE[42S22]: Column not found: 1054 Unknown column 'productPrice' in 'order clause'' in /home/ubuntu/workspace/cst336/labs/lab6/api/getProducts.php:16
Stack trace:
#0 /home/ubuntu/workspace/cst336/labs/lab6/api/getProducts.php(16): PDOStatement->execute()
#1 {main}
  thrown in /home/ubuntu/workspace/cst336/labs/lab6/api/getProducts.php on line 16
[12-Mar-2019 23:16:46 UTC] PHP Warning:  include(../../../inc/dbConnection.php): failed to open stream: No such file or directory in /home/ubuntu/workspace/cst336/labs/lab6/api/getCategories.php on line 2
[12-Mar-2019 23:16:46 UTC] PHP Stack trace:
[12-Mar-2019 23:16:46 UTC] PHP   1. {main}() /home/ubuntu/workspace/cst336/labs/lab6/api/getCategories.php:0
[12-Mar-2019 23:16:46 UTC] PHP Warning:  include(): Failed opening '../../../inc/dbConnection.php' for inclusion (include_path='.:/usr/share/php:/usr/share/pear') in /home/ubuntu/workspace/cst336/labs/lab6/api/getCategories.php on line 2
[12-Mar-2019 23:16:46 UTC] PHP Stack trace:
[12-Mar-2019 23:16:46 UTC] PHP   1. {main}() /home/ubuntu/workspace/cst336/labs/lab6/api/getCategories.php:0
[12-Mar-2019 23:16:46 UTC] PHP Fatal error:  Call to undefined function getDatabaseConnection() in /home/ubuntu/workspace/cst336/labs/lab6/api/getCategories.php on line 3
[12-Mar-2019 23:16:46 UTC] PHP Stack trace:
[12-Mar-2019 23:16:46 UTC] PHP   1. {main}() /home/ubuntu/workspace/cst336/labs/lab6/api/getCategories.php:0
[12-Mar-2019 23:57:01 UTC] PHP Warning:  include(../../../inc/dbConnection.php): failed to open stream: No such file or directory in /home/ubuntu/workspace/cst336/labs/lab6/api/getCategories.php on line 2
[12-Mar-2019 23:57:01 UTC] PHP Stack trace:
[12-Mar-2019 23:57:01 UTC] PHP   1. {main}() /home/ubuntu/workspace/cst336/labs/lab6/api/getCategories.php:0
[12-Mar-2019 23:57:01 UTC] PHP Warning:  include(): Failed opening '../../../inc/dbConnection.php' for inclusion (include_path='.:/usr/share/php:/usr/share/pear') in /home/ubuntu/workspace/cst336/labs/lab6/api/getCategories.php on line 2
[12-Mar-2019 23:57:01 UTC] PHP Stack trace:
[12-Mar-2019 23:57:01 UTC] PHP   1. {main}() /home/ubuntu/workspace/cst336/labs/lab6/api/getCategories.php:0
[12-Mar-2019 23:57:01 UTC] PHP Fatal error:  Call to undefined function getDatabaseConnection() in /home/ubuntu/workspace/cst336/labs/lab6/api/getCategories.php on line 3
[12-Mar-2019 23:57:01 UTC] PHP Stack trace:
[12-Mar-2019 23:57:01 UTC] PHP   1. {main}() /home/ubuntu/workspace/cst336/labs/lab6/api/getCategories.php:0
[12-Mar-2019 23:57:01 UTC] PHP Fatal error:  Uncaught exception 'PDOException' with message 'SQLSTATE[42S22]: Column not found: 1054 Unknown column 'productPrice' in 'order clause'' in /home/ubuntu/workspace/cst336/labs/lab6/api/getProducts.php:16
Stack trace:
#0 /home/ubuntu/workspace/cst336/labs/lab6/api/getProducts.php(16): PDOStatement->execute()
#1 {main}
  thrown in /home/ubuntu/workspace/cst336/labs/lab6/api/getProducts.php on line 16
[13-Mar-2019 00:07:15 UTC] PHP Fatal error:  Uncaught exception 'PDOException' with message 'SQLSTATE[42S22]: Column not found: 1054 Unknown column 'productPrice' in 'order clause'' in /home/ubuntu/workspace/cst336/labs/lab6/api/getProducts.php:16
Stack trace:
#0 /home/ubuntu/workspace/cst336/labs/lab6/api/getProducts.php(16): PDOStatement->execute()
#1 {main}
  thrown in /home/ubuntu/workspace/cst336/labs/lab6/api/getProducts.php on line 16
[13-Mar-2019 00:07:15 UTC] PHP Fatal error:  Call to undefined function getDatabaseConnection() in /home/ubuntu/workspace/cst336/labs/lab6/api/getCategories.php on line 3
[13-Mar-2019 00:07:15 UTC] PHP Stack trace:
[13-Mar-2019 00:07:15 UTC] PHP   1. {main}() /home/ubuntu/workspace/cst336/labs/lab6/api/getCategories.php:0
[13-Mar-2019 00:21:19 UTC] PHP Fatal error:  Uncaught exception 'PDOException' with message 'SQLSTATE[42S22]: Column not found: 1054 Unknown column 'productPrice' in 'order clause'' in /home/ubuntu/workspace/cst336/labs/lab6/api/getProducts.php:16
Stack trace:
#0 /home/ubuntu/workspace/cst336/labs/lab6/api/getProducts.php(16): PDOStatement->execute()
#1 {main}
  thrown in /home/ubuntu/workspace/cst336/labs/lab6/api/getProducts.php on line 16
[13-Mar-2019 00:21:19 UTC] PHP Fatal error:  Call to undefined function getDatabaseConnection() in /home/ubuntu/workspace/cst336/labs/lab6/api/getCategories.php on line 3
[13-Mar-2019 00:21:19 UTC] PHP Stack trace:
[13-Mar-2019 00:21:19 UTC] PHP   1. {main}() /home/ubuntu/workspace/cst336/labs/lab6/api/getCategories.php:0
[14-Mar-2019 23:04:42 UTC] PHP Fatal error:  Call to undefined function getDatabaseConnection() in /home/ubuntu/workspace/cst336/labs/lab6/api/getCategories.php on line 3
[14-Mar-2019 23:04:42 UTC] PHP Stack trace:
[14-Mar-2019 23:04:42 UTC] PHP   1. {main}() /home/ubuntu/workspace/cst336/labs/lab6/api/getCategories.php:0
[14-Mar-2019 23:07:38 UTC] PHP Fatal error:  Call to undefined function getDatabaseConnection() in /home/ubuntu/workspace/cst336/labs/lab6/api/getCategories.php on line 3
[14-Mar-2019 23:07:38 UTC] PHP Stack trace:
[14-Mar-2019 23:07:38 UTC] PHP   1. {main}() /home/ubuntu/workspace/cst336/labs/lab6/api/getCategories.php:0
[14-Mar-2019 23:11:45 UTC] PHP Fatal error:  Call to undefined function getDatabaseConnection() in /home/ubuntu/workspace/cst336/labs/lab6/api/getCategories.php on line 3
[14-Mar-2019 23:11:45 UTC] PHP Stack trace:
[14-Mar-2019 23:11:45 UTC] PHP   1. {main}() /home/ubuntu/workspace/cst336/labs/lab6/api/getCategories.php:0
[14-Mar-2019 23:12:05 UTC] PHP Fatal error:  Call to undefined function getDatabaseConnection() in /home/ubuntu/workspace/cst336/labs/lab6/api/getCategories.php on line 3
[14-Mar-2019 23:12:05 UTC] PHP Stack trace:
[14-Mar-2019 23:12:05 UTC] PHP   1. {main}() /home/ubuntu/workspace/cst336/labs/lab6/api/getCategories.php:0
[14-Mar-2019 23:41:08 UTC] PHP Fatal error:  Call to undefined function getDatabaseConnection() in /home/ubuntu/workspace/cst336/labs/lab6/api/getCategories.php on line 3
[14-Mar-2019 23:41:08 UTC] PHP Stack trace:
[14-Mar-2019 23:41:08 UTC] PHP   1. {main}() /home/ubuntu/workspace/cst336/labs/lab6/api/getCategories.php:0
[14-Mar-2019 23:43:06 UTC] PHP Fatal error:  Call to undefined function getDatabaseConnection() in /home/ubuntu/workspace/cst336/labs/lab6/api/getCategories.php on line 3
[14-Mar-2019 23:43:06 UTC] PHP Stack trace:
[14-Mar-2019 23:43:06 UTC] PHP   1. {main}() /home/ubuntu/workspace/cst336/labs/lab6/api/getCategories.php:0
[15-Mar-2019 00:18:57 UTC] PHP Fatal error:  Call to undefined function getDatabaseConnection() in /home/ubuntu/workspace/cst336/labs/lab6/api/getCategories.php on line 3
[15-Mar-2019 00:18:57 UTC] PHP Stack trace:
[15-Mar-2019 00:18:57 UTC] PHP   1. {main}() /home/ubuntu/workspace/cst336/labs/lab6/api/getCategories.php:0
[15-Mar-2019 00:34:00 UTC] PHP Fatal error:  Call to undefined function getDatabaseConnection() in /home/ubuntu/workspace/cst336/labs/lab6/api/getCategories.php on line 3
[15-Mar-2019 00:34:00 UTC] PHP Stack trace:
[15-Mar-2019 00:34:00 UTC] PHP   1. {main}() /home/ubuntu/workspace/cst336/labs/lab6/api/getCategories.php:0
[15-Mar-2019 00:34:39 UTC] PHP Fatal error:  Call to undefined function getDatabaseConnection() in /home/ubuntu/workspace/cst336/labs/lab6/api/getCategories.php on line 3
[15-Mar-2019 00:34:39 UTC] PHP Stack trace:
[15-Mar-2019 00:34:39 UTC] PHP   1. {main}() /home/ubuntu/workspace/cst336/labs/lab6/api/getCategories.php:0
[15-Mar-2019 00:36:17 UTC] PHP Fatal error:  Call to undefined function getDatabaseConnection() in /home/ubuntu/workspace/cst336/labs/lab6/api/getCategories.php on line 3
[15-Mar-2019 00:36:17 UTC] PHP Stack trace:
[15-Mar-2019 00:36:17 UTC] PHP   1. {main}() /home/ubuntu/workspace/cst336/labs/lab6/api/getCategories.php:0
[23-Mar-2019 17:56:37 UTC] PHP Fatal error:  Call to undefined function getDatabaseConnection() in /home/ubuntu/workspace/cst336/labs/lab6/api/getCategories.php on line 3
[23-Mar-2019 17:56:37 UTC] PHP Stack trace:
[23-Mar-2019 17:56:37 UTC] PHP   1. {main}() /home/ubuntu/workspace/cst336/labs/lab6/api/getCategories.php:0
[23-Mar-2019 17:56:51 UTC] PHP Fatal error:  Call to undefined function getDatabaseConnection() in /home/ubuntu/workspace/cst336/labs/lab6/api/getCategories.php on line 3
[23-Mar-2019 17:56:51 UTC] PHP Stack trace:
[23-Mar-2019 17:56:51 UTC] PHP   1. {main}() /home/ubuntu/workspace/cst336/labs/lab6/api/getCategories.php:0
[23-Mar-2019 18:03:37 UTC] PHP Fatal error:  Call to undefined function getDatabaseConnection() in /home/ubuntu/workspace/cst336/labs/lab6/api/getCategories.php on line 3
[23-Mar-2019 18:03:37 UTC] PHP Stack trace:
[23-Mar-2019 18:03:37 UTC] PHP   1. {main}() /home/ubuntu/workspace/cst336/labs/lab6/api/getCategories.php:0
[23-Mar-2019 18:21:45 UTC] PHP Fatal error:  Call to undefined function getDatabaseConnection() in /home/ubuntu/workspace/cst336/labs/lab6/api/getCategories.php on line 3
[23-Mar-2019 18:21:45 UTC] PHP Stack trace:
[23-Mar-2019 18:21:45 UTC] PHP   1. {main}() /home/ubuntu/workspace/cst336/labs/lab6/api/getCategories.php:0
[23-Mar-2019 18:21:54 UTC] PHP Fatal error:  Call to undefined function getDatabaseConnection() in /home/ubuntu/workspace/cst336/labs/lab6/api/getCategories.php on line 3
[23-Mar-2019 18:21:54 UTC] PHP Stack trace:
[23-Mar-2019 18:21:54 UTC] PHP   1. {main}() /home/ubuntu/workspace/cst336/labs/lab6/api/getCategories.php:0
[23-Mar-2019 18:24:33 UTC] PHP Fatal error:  Call to undefined function getDatabaseConnection() in /home/ubuntu/workspace/cst336/labs/lab6/api/getCategories.php on line 3
[23-Mar-2019 18:24:33 UTC] PHP Stack trace:
[23-Mar-2019 18:24:33 UTC] PHP   1. {main}() /home/ubuntu/workspace/cst336/labs/lab6/api/getCategories.php:0
[23-Mar-2019 18:25:37 UTC] PHP Fatal error:  Call to undefined function getDatabaseConnection() in /home/ubuntu/workspace/cst336/labs/lab6/api/getCategories.php on line 3
[23-Mar-2019 18:25:37 UTC] PHP Stack trace:
[23-Mar-2019 18:25:37 UTC] PHP   1. {main}() /home/ubuntu/workspace/cst336/labs/lab6/api/getCategories.php:0
[23-Mar-2019 18:27:46 UTC] PHP Fatal error:  Call to undefined function getDatabaseConnection() in /home/ubuntu/workspace/cst336/labs/lab6/api/getCategories.php on line 3
[23-Mar-2019 18:27:46 UTC] PHP Stack trace:
[23-Mar-2019 18:27:46 UTC] PHP   1. {main}() /home/ubuntu/workspace/cst336/labs/lab6/api/getCategories.php:0
[23-Mar-2019 18:40:38 UTC] PHP Fatal error:  Call to undefined function getDatabaseConnection() in /home/ubuntu/workspace/cst336/labs/lab6/api/getCategories.php on line 3
[23-Mar-2019 18:40:38 UTC] PHP Stack trace:
[23-Mar-2019 18:40:38 UTC] PHP   1. {main}() /home/ubuntu/workspace/cst336/labs/lab6/api/getCategories.php:0
[23-Mar-2019 18:41:05 UTC] PHP Fatal error:  Call to undefined function getDatabaseConnection() in /home/ubuntu/workspace/cst336/labs/lab6/api/getCategories.php on line 3
[23-Mar-2019 18:41:05 UTC] PHP Stack trace:
[23-Mar-2019 18:41:05 UTC] PHP   1. {main}() /home/ubuntu/workspace/cst336/labs/lab6/api/getCategories.php:0
[23-Mar-2019 18:41:48 UTC] PHP Fatal error:  Call to undefined function getDatabaseConnection() in /home/ubuntu/workspace/cst336/labs/lab6/api/getCategories.php on line 3
[23-Mar-2019 18:41:48 UTC] PHP Stack trace:
[23-Mar-2019 18:41:48 UTC] PHP   1. {main}() /home/ubuntu/workspace/cst336/labs/lab6/api/getCategories.php:0
[23-Mar-2019 18:42:27 UTC] PHP Fatal error:  Call to undefined function getDatabaseConnection() in /home/ubuntu/workspace/cst336/labs/lab6/api/getCategories.php on line 3
[23-Mar-2019 18:42:27 UTC] PHP Stack trace:
[23-Mar-2019 18:42:27 UTC] PHP   1. {main}() /home/ubuntu/workspace/cst336/labs/lab6/api/getCategories.php:0
[23-Mar-2019 18:42:46 UTC] PHP Fatal error:  Call to undefined function getDatabaseConnection() in /home/ubuntu/workspace/cst336/labs/lab6/api/getCategories.php on line 3
[23-Mar-2019 18:42:46 UTC] PHP Stack trace:
[23-Mar-2019 18:42:46 UTC] PHP   1. {main}() /home/ubuntu/workspace/cst336/labs/lab6/api/getCategories.php:0
[23-Mar-2019 18:44:07 UTC] PHP Fatal error:  Call to undefined function getDatabaseConnection() in /home/ubuntu/workspace/cst336/labs/lab6/api/getCategories.php on line 3
[23-Mar-2019 18:44:07 UTC] PHP Stack trace:
[23-Mar-2019 18:44:07 UTC] PHP   1. {main}() /home/ubuntu/workspace/cst336/labs/lab6/api/getCategories.php:0
[23-Mar-2019 18:44:57 UTC] PHP Fatal error:  Call to undefined function getDatabaseConnection() in /home/ubuntu/workspace/cst336/labs/lab6/api/getCategories.php on line 3
[23-Mar-2019 18:44:57 UTC] PHP Stack trace:
[23-Mar-2019 18:44:57 UTC] PHP   1. {main}() /home/ubuntu/workspace/cst336/labs/lab6/api/getCategories.php:0
[23-Mar-2019 19:42:21 UTC] PHP Fatal error:  Call to undefined function getDatabaseConnection() in /home/ubuntu/workspace/cst336/labs/lab6/api/getCategories.php on line 3
[23-Mar-2019 19:42:21 UTC] PHP Stack trace:
[23-Mar-2019 19:42:21 UTC] PHP   1. {main}() /home/ubuntu/workspace/cst336/labs/lab6/api/getCategories.php:0
[23-Mar-2019 19:55:53 UTC] PHP Fatal error:  Call to undefined function getDatabaseConnection() in /home/ubuntu/workspace/cst336/labs/lab6/api/getCategories.php on line 3
[23-Mar-2019 19:55:53 UTC] PHP Stack trace:
[23-Mar-2019 19:55:53 UTC] PHP   1. {main}() /home/ubuntu/workspace/cst336/labs/lab6/api/getCategories.php:0
[23-Mar-2019 19:56:14 UTC] PHP Fatal error:  Call to undefined function getDatabaseConnection() in /home/ubuntu/workspace/cst336/labs/lab6/api/getCategories.php on line 3
[23-Mar-2019 19:56:14 UTC] PHP Stack trace:
[23-Mar-2019 19:56:14 UTC] PHP   1. {main}() /home/ubuntu/workspace/cst336/labs/lab6/api/getCategories.php:0
[23-Mar-2019 19:56:58 UTC] PHP Fatal error:  Call to undefined function getDatabaseConnection() in /home/ubuntu/workspace/cst336/labs/lab6/api/getSearchResult.php on line 5
[23-Mar-2019 19:56:58 UTC] PHP Stack trace:
[23-Mar-2019 19:56:58 UTC] PHP   1. {main}() /home/ubuntu/workspace/cst336/labs/lab6/api/getSearchResult.php:0
[23-Mar-2019 19:57:20 UTC] PHP Fatal error:  Call to undefined function getDatabaseConnection() in /home/ubuntu/workspace/cst336/labs/lab6/api/getSearchResult.php on line 5
[23-Mar-2019 19:57:20 UTC] PHP Stack trace:
[23-Mar-2019 19:57:20 UTC] PHP   1. {main}() /home/ubuntu/workspace/cst336/labs/lab6/api/getSearchResult.php:0
[23-Mar-2019 19:57:21 UTC] PHP Fatal error:  Call to undefined function getDatabaseConnection() in /home/ubuntu/workspace/cst336/labs/lab6/api/getSearchResult.php on line 5
[23-Mar-2019 19:57:21 UTC] PHP Stack trace:
[23-Mar-2019 19:57:21 UTC] PHP   1. {main}() /home/ubuntu/workspace/cst336/labs/lab6/api/getSearchResult.php:0
[23-Mar-2019 19:57:22 UTC] PHP Fatal error:  Call to undefined function getDatabaseConnection() in /home/ubuntu/workspace/cst336/labs/lab6/api/getSearchResult.php on line 5
[23-Mar-2019 19:57:22 UTC] PHP Stack trace:
[23-Mar-2019 19:57:22 UTC] PHP   1. {main}() /home/ubuntu/workspace/cst336/labs/lab6/api/getSearchResult.php:0
[23-Mar-2019 19:57:33 UTC] PHP Fatal error:  Call to undefined function getDatabaseConnection() in /home/ubuntu/workspace/cst336/labs/lab6/api/getCategories.php on line 3
[23-Mar-2019 19:57:33 UTC] PHP Stack trace:
[23-Mar-2019 19:57:33 UTC] PHP   1. {main}() /home/ubuntu/workspace/cst336/labs/lab6/api/getCategories.php:0
[23-Mar-2019 19:57:34 UTC] PHP Fatal error:  Call to undefined function getDatabaseConnection() in /home/ubuntu/workspace/cst336/labs/lab6/api/getSearchResult.php on line 5
[23-Mar-2019 19:57:34 UTC] PHP Stack trace:
[23-Mar-2019 19:57:34 UTC] PHP   1. {main}() /home/ubuntu/workspace/cst336/labs/lab6/api/getSearchResult.php:0
[23-Mar-2019 19:58:09 UTC] PHP Fatal error:  Call to undefined function getDatabaseConnection() in /home/ubuntu/workspace/cst336/labs/lab6/api/getCategories.php on line 3
[23-Mar-2019 19:58:09 UTC] PHP Stack trace:
[23-Mar-2019 19:58:09 UTC] PHP   1. {main}() /home/ubuntu/workspace/cst336/labs/lab6/api/getCategories.php:0
[23-Mar-2019 19:58:10 UTC] PHP Fatal error:  Call to undefined function getDatabaseConnection() in /home/ubuntu/workspace/cst336/labs/lab6/api/getSearchResult.php on line 5
[23-Mar-2019 19:58:10 UTC] PHP Stack trace:
[23-Mar-2019 19:58:10 UTC] PHP   1. {main}() /home/ubuntu/workspace/cst336/labs/lab6/api/getSearchResult.php:0
[23-Mar-2019 19:58:36 UTC] PHP Fatal error:  Call to undefined function getDatabaseConnection() in /home/ubuntu/workspace/cst336/labs/lab6/api/getCategories.php on line 3
[23-Mar-2019 19:58:36 UTC] PHP Stack trace:
[23-Mar-2019 19:58:36 UTC] PHP   1. {main}() /home/ubuntu/workspace/cst336/labs/lab6/api/getCategories.php:0
[23-Mar-2019 19:58:36 UTC] PHP Fatal error:  Call to undefined function getDatabaseConnection() in /home/ubuntu/workspace/cst336/labs/lab6/api/getSearchResult.php on line 5
[23-Mar-2019 19:58:36 UTC] PHP Stack trace:
[23-Mar-2019 19:58:36 UTC] PHP   1. {main}() /home/ubuntu/workspace/cst336/labs/lab6/api/getSearchResult.php:0
[23-Mar-2019 20:09:16 UTC] PHP Fatal error:  Call to undefined function getDatabaseConnection() in /home/ubuntu/workspace/cst336/labs/lab6/api/getCategories.php on line 3
[23-Mar-2019 20:09:16 UTC] PHP Stack trace:
[23-Mar-2019 20:09:16 UTC] PHP   1. {main}() /home/ubuntu/workspace/cst336/labs/lab6/api/getCategories.php:0
[23-Mar-2019 20:09:17 UTC] PHP Fatal error:  Call to undefined function getDatabaseConnection() in /home/ubuntu/workspace/cst336/labs/lab6/api/getSearchResult.php on line 5
[23-Mar-2019 20:09:17 UTC] PHP Stack trace:
[23-Mar-2019 20:09:17 UTC] PHP   1. {main}() /home/ubuntu/workspace/cst336/labs/lab6/api/getSearchResult.php:0
[23-Mar-2019 20:17:01 UTC] PHP Fatal error:  Call to undefined function getDatabaseConnection() in /home/ubuntu/workspace/cst336/labs/lab6/api/getCategories.php on line 3
[23-Mar-2019 20:17:01 UTC] PHP Stack trace:
[23-Mar-2019 20:17:01 UTC] PHP   1. {main}() /home/ubuntu/workspace/cst336/labs/lab6/api/getCategories.php:0
[23-Mar-2019 20:17:02 UTC] PHP Fatal error:  Call to undefined function getDatabaseConnection() in /home/ubuntu/workspace/cst336/labs/lab6/api/getSearchResult.php on line 5
[23-Mar-2019 20:17:02 UTC] PHP Stack trace:
[23-Mar-2019 20:17:02 UTC] PHP   1. {main}() /home/ubuntu/workspace/cst336/labs/lab6/api/getSearchResult.php:0
[23-Mar-2019 20:17:24 UTC] PHP Fatal error:  Call to undefined function getDatabaseConnection() in /home/ubuntu/workspace/cst336/labs/lab6/api/getCategories.php on line 3
[23-Mar-2019 20:17:24 UTC] PHP Stack trace:
[23-Mar-2019 20:17:24 UTC] PHP   1. {main}() /home/ubuntu/workspace/cst336/labs/lab6/api/getCategories.php:0
[23-Mar-2019 20:17:25 UTC] PHP Fatal error:  Call to undefined function getDatabaseConnection() in /home/ubuntu/workspace/cst336/labs/lab6/api/getSearchResult.php on line 5
[23-Mar-2019 20:17:25 UTC] PHP Stack trace:
[23-Mar-2019 20:17:25 UTC] PHP   1. {main}() /home/ubuntu/workspace/cst336/labs/lab6/api/getSearchResult.php:0
[23-Mar-2019 20:17:44 UTC] PHP Fatal error:  Call to undefined function getDatabaseConnection() in /home/ubuntu/workspace/cst336/labs/lab6/api/getCategories.php on line 3
[23-Mar-2019 20:17:44 UTC] PHP Stack trace:
[23-Mar-2019 20:17:44 UTC] PHP   1. {main}() /home/ubuntu/workspace/cst336/labs/lab6/api/getCategories.php:0
[23-Mar-2019 20:18:02 UTC] PHP Fatal error:  Call to undefined function getDatabaseConnection() in /home/ubuntu/workspace/cst336/labs/lab6/api/getSearchResult.php on line 5
[23-Mar-2019 20:18:02 UTC] PHP Stack trace:
[23-Mar-2019 20:18:02 UTC] PHP   1. {main}() /home/ubuntu/workspace/cst336/labs/lab6/api/getSearchResult.php:0
[23-Mar-2019 20:22:34 UTC] PHP Fatal error:  Call to undefined function getDatabaseConnection() in /home/ubuntu/workspace/cst336/labs/lab6/api/getCategories.php on line 3
[23-Mar-2019 20:22:34 UTC] PHP Stack trace:
[23-Mar-2019 20:22:34 UTC] PHP   1. {main}() /home/ubuntu/workspace/cst336/labs/lab6/api/getCategories.php:0
[23-Mar-2019 20:22:36 UTC] PHP Fatal error:  Call to undefined function getDatabaseConnection() in /home/ubuntu/workspace/cst336/labs/lab6/api/getSearchResult.php on line 5
[23-Mar-2019 20:22:36 UTC] PHP Stack trace:
[23-Mar-2019 20:22:36 UTC] PHP   1. {main}() /home/ubuntu/workspace/cst336/labs/lab6/api/getSearchResult.php:0
[23-Mar-2019 20:22:45 UTC] PHP Fatal error:  Call to undefined function getDatabaseConnection() in /home/ubuntu/workspace/cst336/labs/lab6/api/getSearchResult.php on line 5
[23-Mar-2019 20:22:45 UTC] PHP Stack trace:
[23-Mar-2019 20:22:45 UTC] PHP   1. {main}() /home/ubuntu/workspace/cst336/labs/lab6/api/getSearchResult.php:0
[23-Mar-2019 22:40:48 UTC] PHP Fatal error:  Call to undefined function getDatabaseConnection() in /home/ubuntu/workspace/cst336/labs/lab6/api/getCategories.php on line 3
[23-Mar-2019 22:40:48 UTC] PHP Stack trace:
[23-Mar-2019 22:40:48 UTC] PHP   1. {main}() /home/ubuntu/workspace/cst336/labs/lab6/api/getCategories.php:0
[23-Mar-2019 22:40:50 UTC] PHP Fatal error:  Call to undefined function getDatabaseConnection() in /home/ubuntu/workspace/cst336/labs/lab6/api/getSearchResult.php on line 5
[23-Mar-2019 22:40:50 UTC] PHP Stack trace:
[23-Mar-2019 22:40:50 UTC] PHP   1. {main}() /home/ubuntu/workspace/cst336/labs/lab6/api/getSearchResult.php:0
[23-Mar-2019 22:40:55 UTC] PHP Fatal error:  Call to undefined function getDatabaseConnection() in /home/ubuntu/workspace/cst336/labs/lab6/api/getSearchResult.php on line 5
[23-Mar-2019 22:40:55 UTC] PHP Stack trace:
[23-Mar-2019 22:40:55 UTC] PHP   1. {main}() /home/ubuntu/workspace/cst336/labs/lab6/api/getSearchResult.php:0
[23-Mar-2019 22:47:16 UTC] PHP Fatal error:  Call to undefined function getDatabaseConnection() in /home/ubuntu/workspace/cst336/labs/lab6/api/getCategories.php on line 3
[23-Mar-2019 22:47:16 UTC] PHP Stack trace:
[23-Mar-2019 22:47:16 UTC] PHP   1. {main}() /home/ubuntu/workspace/cst336/labs/lab6/api/getCategories.php:0
[23-Mar-2019 22:47:29 UTC] PHP Fatal error:  Call to undefined function getDatabaseConnection() in /home/ubuntu/workspace/cst336/labs/lab6/api/getSearchResult.php on line 5
[23-Mar-2019 22:47:29 UTC] PHP Stack trace:
[23-Mar-2019 22:47:29 UTC] PHP   1. {main}() /home/ubuntu/workspace/cst336/labs/lab6/api/getSearchResult.php:0
