[08-Apr-2019 19:08:47 UTC] PHP Warning:  include(dbConnection.php): failed to open stream: No such file or directory in /home/ubuntu/workspace/cst336/practice/p8/api/get_word_api.php on line 5
[08-Apr-2019 19:08:47 UTC] PHP Stack trace:
[08-Apr-2019 19:08:47 UTC] PHP   1. {main}() /home/ubuntu/workspace/cst336/practice/p8/api/get_word_api.php:0
[08-Apr-2019 19:08:47 UTC] PHP Warning:  include(): Failed opening 'dbConnection.php' for inclusion (include_path='.:/usr/share/php:/usr/share/pear') in /home/ubuntu/workspace/cst336/practice/p8/api/get_word_api.php on line 5
[08-Apr-2019 19:08:47 UTC] PHP Stack trace:
[08-Apr-2019 19:08:47 UTC] PHP   1. {main}() /home/ubuntu/workspace/cst336/practice/p8/api/get_word_api.php:0
[08-Apr-2019 19:08:47 UTC] PHP Fatal error:  Call to undefined function getDatabaseConnection() in /home/ubuntu/workspace/cst336/practice/p8/api/get_word_api.php on line 6
[08-Apr-2019 19:08:47 UTC] PHP Stack trace:
[08-Apr-2019 19:08:47 UTC] PHP   1. {main}() /home/ubuntu/workspace/cst336/practice/p8/api/get_word_api.php:0
[08-Apr-2019 19:11:47 UTC] PHP Warning:  include(dbConnection.php): failed to open stream: No such file or directory in /home/ubuntu/workspace/cst336/practice/p8/api/get_word_api.php on line 5
[08-Apr-2019 19:11:47 UTC] PHP Stack trace:
[08-Apr-2019 19:11:47 UTC] PHP   1. {main}() /home/ubuntu/workspace/cst336/practice/p8/api/get_word_api.php:0
[08-Apr-2019 19:11:47 UTC] PHP Warning:  include(): Failed opening 'dbConnection.php' for inclusion (include_path='.:/usr/share/php:/usr/share/pear') in /home/ubuntu/workspace/cst336/practice/p8/api/get_word_api.php on line 5
[08-Apr-2019 19:11:47 UTC] PHP Stack trace:
[08-Apr-2019 19:11:47 UTC] PHP   1. {main}() /home/ubuntu/workspace/cst336/practice/p8/api/get_word_api.php:0
[08-Apr-2019 19:11:47 UTC] PHP Fatal error:  Call to undefined function getDatabaseConnection() in /home/ubuntu/workspace/cst336/practice/p8/api/get_word_api.php on line 6
[08-Apr-2019 19:11:47 UTC] PHP Stack trace:
[08-Apr-2019 19:11:47 UTC] PHP   1. {main}() /home/ubuntu/workspace/cst336/practice/p8/api/get_word_api.php:0
[08-Apr-2019 19:12:40 UTC] PHP Warning:  include(dbConnection.php): failed to open stream: No such file or directory in /home/ubuntu/workspace/cst336/practice/p8/api/get_word_api.php on line 5
[08-Apr-2019 19:12:40 UTC] PHP Stack trace:
[08-Apr-2019 19:12:40 UTC] PHP   1. {main}() /home/ubuntu/workspace/cst336/practice/p8/api/get_word_api.php:0
[08-Apr-2019 19:12:40 UTC] PHP Warning:  include(): Failed opening 'dbConnection.php' for inclusion (include_path='.:/usr/share/php:/usr/share/pear') in /home/ubuntu/workspace/cst336/practice/p8/api/get_word_api.php on line 5
[08-Apr-2019 19:12:40 UTC] PHP Stack trace:
[08-Apr-2019 19:12:40 UTC] PHP   1. {main}() /home/ubuntu/workspace/cst336/practice/p8/api/get_word_api.php:0
[08-Apr-2019 19:12:40 UTC] PHP Fatal error:  Call to undefined function getDatabaseConnection() in /home/ubuntu/workspace/cst336/practice/p8/api/get_word_api.php on line 6
[08-Apr-2019 19:12:40 UTC] PHP Stack trace:
[08-Apr-2019 19:12:40 UTC] PHP   1. {main}() /home/ubuntu/workspace/cst336/practice/p8/api/get_word_api.php:0
[08-Apr-2019 19:12:53 UTC] PHP Warning:  include(dbConnection.php): failed to open stream: No such file or directory in /home/ubuntu/workspace/cst336/practice/p8/api/get_word_api.php on line 5
[08-Apr-2019 19:12:53 UTC] PHP Stack trace:
[08-Apr-2019 19:12:53 UTC] PHP   1. {main}() /home/ubuntu/workspace/cst336/practice/p8/api/get_word_api.php:0
[08-Apr-2019 19:12:53 UTC] PHP Warning:  include(): Failed opening 'dbConnection.php' for inclusion (include_path='.:/usr/share/php:/usr/share/pear') in /home/ubuntu/workspace/cst336/practice/p8/api/get_word_api.php on line 5
[08-Apr-2019 19:12:53 UTC] PHP Stack trace:
[08-Apr-2019 19:12:53 UTC] PHP   1. {main}() /home/ubuntu/workspace/cst336/practice/p8/api/get_word_api.php:0
[08-Apr-2019 19:12:53 UTC] PHP Fatal error:  Call to undefined function getDatabaseConnection() in /home/ubuntu/workspace/cst336/practice/p8/api/get_word_api.php on line 6
[08-Apr-2019 19:12:53 UTC] PHP Stack trace:
[08-Apr-2019 19:12:53 UTC] PHP   1. {main}() /home/ubuntu/workspace/cst336/practice/p8/api/get_word_api.php:0
[08-Apr-2019 19:13:06 UTC] PHP Warning:  include(dbConnection.php): failed to open stream: No such file or directory in /home/ubuntu/workspace/cst336/practice/p8/api/get_word_api.php on line 5
[08-Apr-2019 19:13:06 UTC] PHP Stack trace:
[08-Apr-2019 19:13:06 UTC] PHP   1. {main}() /home/ubuntu/workspace/cst336/practice/p8/api/get_word_api.php:0
[08-Apr-2019 19:13:06 UTC] PHP Warning:  include(): Failed opening 'dbConnection.php' for inclusion (include_path='.:/usr/share/php:/usr/share/pear') in /home/ubuntu/workspace/cst336/practice/p8/api/get_word_api.php on line 5
[08-Apr-2019 19:13:06 UTC] PHP Stack trace:
[08-Apr-2019 19:13:06 UTC] PHP   1. {main}() /home/ubuntu/workspace/cst336/practice/p8/api/get_word_api.php:0
[08-Apr-2019 19:13:06 UTC] PHP Fatal error:  Call to undefined function getDatabaseConnection() in /home/ubuntu/workspace/cst336/practice/p8/api/get_word_api.php on line 6
[08-Apr-2019 19:13:06 UTC] PHP Stack trace:
[08-Apr-2019 19:13:06 UTC] PHP   1. {main}() /home/ubuntu/workspace/cst336/practice/p8/api/get_word_api.php:0
[08-Apr-2019 19:13:12 UTC] PHP Warning:  include(dbConnection.php): failed to open stream: No such file or directory in /home/ubuntu/workspace/cst336/practice/p8/api/get_word_api.php on line 5
[08-Apr-2019 19:13:12 UTC] PHP Stack trace:
[08-Apr-2019 19:13:12 UTC] PHP   1. {main}() /home/ubuntu/workspace/cst336/practice/p8/api/get_word_api.php:0
[08-Apr-2019 19:13:12 UTC] PHP Warning:  include(): Failed opening 'dbConnection.php' for inclusion (include_path='.:/usr/share/php:/usr/share/pear') in /home/ubuntu/workspace/cst336/practice/p8/api/get_word_api.php on line 5
[08-Apr-2019 19:13:12 UTC] PHP Stack trace:
[08-Apr-2019 19:13:12 UTC] PHP   1. {main}() /home/ubuntu/workspace/cst336/practice/p8/api/get_word_api.php:0
[08-Apr-2019 19:13:12 UTC] PHP Fatal error:  Call to undefined function getDatabaseConnection() in /home/ubuntu/workspace/cst336/practice/p8/api/get_word_api.php on line 6
[08-Apr-2019 19:13:12 UTC] PHP Stack trace:
[08-Apr-2019 19:13:12 UTC] PHP   1. {main}() /home/ubuntu/workspace/cst336/practice/p8/api/get_word_api.php:0
[08-Apr-2019 19:13:47 UTC] PHP Warning:  include(dbConnection.php): failed to open stream: No such file or directory in /home/ubuntu/workspace/cst336/practice/p8/api/get_word_api.php on line 5
[08-Apr-2019 19:13:47 UTC] PHP Stack trace:
[08-Apr-2019 19:13:47 UTC] PHP   1. {main}() /home/ubuntu/workspace/cst336/practice/p8/api/get_word_api.php:0
[08-Apr-2019 19:13:47 UTC] PHP Warning:  include(): Failed opening 'dbConnection.php' for inclusion (include_path='.:/usr/share/php:/usr/share/pear') in /home/ubuntu/workspace/cst336/practice/p8/api/get_word_api.php on line 5
[08-Apr-2019 19:13:47 UTC] PHP Stack trace:
[08-Apr-2019 19:13:47 UTC] PHP   1. {main}() /home/ubuntu/workspace/cst336/practice/p8/api/get_word_api.php:0
[08-Apr-2019 19:13:47 UTC] PHP Fatal error:  Call to undefined function getDatabaseConnection() in /home/ubuntu/workspace/cst336/practice/p8/api/get_word_api.php on line 6
[08-Apr-2019 19:13:47 UTC] PHP Stack trace:
[08-Apr-2019 19:13:47 UTC] PHP   1. {main}() /home/ubuntu/workspace/cst336/practice/p8/api/get_word_api.php:0
[08-Apr-2019 19:14:05 UTC] PHP Warning:  include(dbConnection.php): failed to open stream: No such file or directory in /home/ubuntu/workspace/cst336/practice/p8/api/get_word_api.php on line 5
[08-Apr-2019 19:14:05 UTC] PHP Stack trace:
[08-Apr-2019 19:14:05 UTC] PHP   1. {main}() /home/ubuntu/workspace/cst336/practice/p8/api/get_word_api.php:0
[08-Apr-2019 19:14:05 UTC] PHP Warning:  include(): Failed opening 'dbConnection.php' for inclusion (include_path='.:/usr/share/php:/usr/share/pear') in /home/ubuntu/workspace/cst336/practice/p8/api/get_word_api.php on line 5
[08-Apr-2019 19:14:05 UTC] PHP Stack trace:
[08-Apr-2019 19:14:05 UTC] PHP   1. {main}() /home/ubuntu/workspace/cst336/practice/p8/api/get_word_api.php:0
[08-Apr-2019 19:14:05 UTC] PHP Fatal error:  Call to undefined function getDatabaseConnection() in /home/ubuntu/workspace/cst336/practice/p8/api/get_word_api.php on line 6
[08-Apr-2019 19:14:05 UTC] PHP Stack trace:
[08-Apr-2019 19:14:05 UTC] PHP   1. {main}() /home/ubuntu/workspace/cst336/practice/p8/api/get_word_api.php:0
[08-Apr-2019 19:14:14 UTC] PHP Warning:  include(dbConnection.php): failed to open stream: No such file or directory in /home/ubuntu/workspace/cst336/practice/p8/api/get_word_api.php on line 5
[08-Apr-2019 19:14:14 UTC] PHP Stack trace:
[08-Apr-2019 19:14:14 UTC] PHP   1. {main}() /home/ubuntu/workspace/cst336/practice/p8/api/get_word_api.php:0
[08-Apr-2019 19:14:14 UTC] PHP Warning:  include(): Failed opening 'dbConnection.php' for inclusion (include_path='.:/usr/share/php:/usr/share/pear') in /home/ubuntu/workspace/cst336/practice/p8/api/get_word_api.php on line 5
[08-Apr-2019 19:14:14 UTC] PHP Stack trace:
[08-Apr-2019 19:14:14 UTC] PHP   1. {main}() /home/ubuntu/workspace/cst336/practice/p8/api/get_word_api.php:0
[08-Apr-2019 19:14:14 UTC] PHP Fatal error:  Call to undefined function getDatabaseConnection() in /home/ubuntu/workspace/cst336/practice/p8/api/get_word_api.php on line 6
[08-Apr-2019 19:14:14 UTC] PHP Stack trace:
[08-Apr-2019 19:14:14 UTC] PHP   1. {main}() /home/ubuntu/workspace/cst336/practice/p8/api/get_word_api.php:0
[08-Apr-2019 19:18:24 UTC] PHP Warning:  include(dbConnection.php): failed to open stream: No such file or directory in /home/ubuntu/workspace/cst336/practice/p8/api/get_word_api.php on line 5
[08-Apr-2019 19:18:24 UTC] PHP Stack trace:
[08-Apr-2019 19:18:24 UTC] PHP   1. {main}() /home/ubuntu/workspace/cst336/practice/p8/api/get_word_api.php:0
[08-Apr-2019 19:18:24 UTC] PHP Warning:  include(): Failed opening 'dbConnection.php' for inclusion (include_path='.:/usr/share/php:/usr/share/pear') in /home/ubuntu/workspace/cst336/practice/p8/api/get_word_api.php on line 5
[08-Apr-2019 19:18:24 UTC] PHP Stack trace:
[08-Apr-2019 19:18:24 UTC] PHP   1. {main}() /home/ubuntu/workspace/cst336/practice/p8/api/get_word_api.php:0
[08-Apr-2019 19:18:24 UTC] PHP Fatal error:  Call to undefined function getDatabaseConnection() in /home/ubuntu/workspace/cst336/practice/p8/api/get_word_api.php on line 6
[08-Apr-2019 19:18:24 UTC] PHP Stack trace:
[08-Apr-2019 19:18:24 UTC] PHP   1. {main}() /home/ubuntu/workspace/cst336/practice/p8/api/get_word_api.php:0
