[03-May-2019 00:25:39 UTC] PHP Fatal error:  Call to undefined function r_print() in /home/ubuntu/workspace/cst336/hw/final_practice/loginProcess.php on line 18
[03-May-2019 00:25:39 UTC] PHP Stack trace:
[03-May-2019 00:25:39 UTC] PHP   1. {main}() /home/ubuntu/workspace/cst336/hw/final_practice/loginProcess.php:0
[03-May-2019 00:30:59 UTC] PHP Fatal error:  Uncaught exception 'PDOException' with message 'SQLSTATE[42000]: Syntax error or access violation: 1064 You have an error in your SQL syntax; check the manual that corresponds to your MySQL server version for the right syntax to use near ''fe_login' SET 'failedAttempts' = '0' WHERE username = 'bob'' at line 1' in /home/ubuntu/workspace/cst336/hw/final_practice/loginProcess.php:31
Stack trace:
#0 /home/ubuntu/workspace/cst336/hw/final_practice/loginProcess.php(31): PDOStatement->execute(Array)
#1 {main}
  thrown in /home/ubuntu/workspace/cst336/hw/final_practice/loginProcess.php on line 31
[06-May-2019 23:13:12 UTC] PHP Warning:  include(dbConnection.php): failed to open stream: No such file or directory in /home/ubuntu/workspace/cst336/hw/hw4v2/viewHistory.php on line 4
[06-May-2019 23:13:12 UTC] PHP Stack trace:
[06-May-2019 23:13:12 UTC] PHP   1. {main}() /home/ubuntu/workspace/cst336/hw/hw4v2/viewHistory.php:0
[06-May-2019 23:13:12 UTC] PHP Warning:  include(): Failed opening 'dbConnection.php' for inclusion (include_path='.:/usr/share/php:/usr/share/pear') in /home/ubuntu/workspace/cst336/hw/hw4v2/viewHistory.php on line 4
[06-May-2019 23:13:12 UTC] PHP Stack trace:
[06-May-2019 23:13:12 UTC] PHP   1. {main}() /home/ubuntu/workspace/cst336/hw/hw4v2/viewHistory.php:0
[06-May-2019 23:13:12 UTC] PHP Fatal error:  Call to undefined function getDatabaseConnection() in /home/ubuntu/workspace/cst336/hw/hw4v2/viewHistory.php on line 5
[06-May-2019 23:13:12 UTC] PHP Stack trace:
[06-May-2019 23:13:12 UTC] PHP   1. {main}() /home/ubuntu/workspace/cst336/hw/hw4v2/viewHistory.php:0
[06-May-2019 23:14:55 UTC] PHP Warning:  include(dbConnection.php): failed to open stream: No such file or directory in /home/ubuntu/workspace/cst336/hw/hw4v2/viewHistory.php on line 4
[06-May-2019 23:14:55 UTC] PHP Stack trace:
[06-May-2019 23:14:55 UTC] PHP   1. {main}() /home/ubuntu/workspace/cst336/hw/hw4v2/viewHistory.php:0
[06-May-2019 23:14:55 UTC] PHP Warning:  include(): Failed opening 'dbConnection.php' for inclusion (include_path='.:/usr/share/php:/usr/share/pear') in /home/ubuntu/workspace/cst336/hw/hw4v2/viewHistory.php on line 4
[06-May-2019 23:14:55 UTC] PHP Stack trace:
[06-May-2019 23:14:55 UTC] PHP   1. {main}() /home/ubuntu/workspace/cst336/hw/hw4v2/viewHistory.php:0
[06-May-2019 23:14:55 UTC] PHP Fatal error:  Call to undefined function getDatabaseConnection() in /home/ubuntu/workspace/cst336/hw/hw4v2/viewHistory.php on line 5
[06-May-2019 23:14:55 UTC] PHP Stack trace:
[06-May-2019 23:14:55 UTC] PHP   1. {main}() /home/ubuntu/workspace/cst336/hw/hw4v2/viewHistory.php:0
