[18-Apr-2019 23:56:01 UTC] PHP Fatal error:  Array callback has to contain indices 0 and 1 in /home/ubuntu/workspace/cst336/labs/lab8/api/favoritesAPI.php on line 15
[18-Apr-2019 23:56:01 UTC] PHP Stack trace:
[18-Apr-2019 23:56:01 UTC] PHP   1. {main}() /home/ubuntu/workspace/cst336/labs/lab8/api/favoritesAPI.php:0
[18-Apr-2019 23:56:31 UTC] PHP Fatal error:  Array callback has to contain indices 0 and 1 in /home/ubuntu/workspace/cst336/labs/lab8/api/favoritesAPI.php on line 15
[18-Apr-2019 23:56:31 UTC] PHP Stack trace:
[18-Apr-2019 23:56:31 UTC] PHP   1. {main}() /home/ubuntu/workspace/cst336/labs/lab8/api/favoritesAPI.php:0
[18-Apr-2019 23:57:11 UTC] PHP Fatal error:  Array callback has to contain indices 0 and 1 in /home/ubuntu/workspace/cst336/labs/lab8/api/favoritesAPI.php on line 15
[18-Apr-2019 23:57:11 UTC] PHP Stack trace:
[18-Apr-2019 23:57:11 UTC] PHP   1. {main}() /home/ubuntu/workspace/cst336/labs/lab8/api/favoritesAPI.php:0
[18-Apr-2019 23:57:45 UTC] PHP Fatal error:  Call to undefined function alert() in /home/ubuntu/workspace/cst336/labs/lab8/api/favoritesAPI.php on line 2
[18-Apr-2019 23:57:45 UTC] PHP Stack trace:
[18-Apr-2019 23:57:45 UTC] PHP   1. {main}() /home/ubuntu/workspace/cst336/labs/lab8/api/favoritesAPI.php:0
[18-Apr-2019 23:57:58 UTC] PHP Fatal error:  Call to undefined function alert() in /home/ubuntu/workspace/cst336/labs/lab8/api/favoritesAPI.php on line 2
[18-Apr-2019 23:57:58 UTC] PHP Stack trace:
[18-Apr-2019 23:57:58 UTC] PHP   1. {main}() /home/ubuntu/workspace/cst336/labs/lab8/api/favoritesAPI.php:0
[19-Apr-2019 00:01:32 UTC] PHP Fatal error:  Call to undefined function alert() in /home/ubuntu/workspace/cst336/labs/lab8/api/favoritesAPI.php on line 2
[19-Apr-2019 00:01:32 UTC] PHP Stack trace:
[19-Apr-2019 00:01:32 UTC] PHP   1. {main}() /home/ubuntu/workspace/cst336/labs/lab8/api/favoritesAPI.php:0
[19-Apr-2019 00:01:47 UTC] PHP Fatal error:  Call to undefined function alert() in /home/ubuntu/workspace/cst336/labs/lab8/api/favoritesAPI.php on line 2
[19-Apr-2019 00:01:47 UTC] PHP Stack trace:
[19-Apr-2019 00:01:47 UTC] PHP   1. {main}() /home/ubuntu/workspace/cst336/labs/lab8/api/favoritesAPI.php:0
[19-Apr-2019 00:02:10 UTC] PHP Fatal error:  Function name must be a string in /home/ubuntu/workspace/cst336/labs/lab8/api/favoritesAPI.php on line 15
[19-Apr-2019 00:02:10 UTC] PHP Stack trace:
[19-Apr-2019 00:02:10 UTC] PHP   1. {main}() /home/ubuntu/workspace/cst336/labs/lab8/api/favoritesAPI.php:0
[19-Apr-2019 00:03:04 UTC] PHP Fatal error:  Function name must be a string in /home/ubuntu/workspace/cst336/labs/lab8/api/favoritesAPI.php on line 15
[19-Apr-2019 00:03:04 UTC] PHP Stack trace:
[19-Apr-2019 00:03:04 UTC] PHP   1. {main}() /home/ubuntu/workspace/cst336/labs/lab8/api/favoritesAPI.php:0
[19-Apr-2019 00:04:34 UTC] PHP Fatal error:  Function name must be a string in /home/ubuntu/workspace/cst336/labs/lab8/api/favoritesAPI.php on line 16
[19-Apr-2019 00:04:34 UTC] PHP Stack trace:
[19-Apr-2019 00:04:34 UTC] PHP   1. {main}() /home/ubuntu/workspace/cst336/labs/lab8/api/favoritesAPI.php:0
[19-Apr-2019 00:09:20 UTC] PHP Fatal error:  Function name must be a string in /home/ubuntu/workspace/cst336/labs/lab8/api/favoritesAPI.php on line 16
[19-Apr-2019 00:09:20 UTC] PHP Stack trace:
[19-Apr-2019 00:09:20 UTC] PHP   1. {main}() /home/ubuntu/workspace/cst336/labs/lab8/api/favoritesAPI.php:0
[19-Apr-2019 00:09:47 UTC] PHP Fatal error:  Function name must be a string in /home/ubuntu/workspace/cst336/labs/lab8/api/favoritesAPI.php on line 16
[19-Apr-2019 00:09:47 UTC] PHP Stack trace:
[19-Apr-2019 00:09:47 UTC] PHP   1. {main}() /home/ubuntu/workspace/cst336/labs/lab8/api/favoritesAPI.php:0
[19-Apr-2019 00:10:42 UTC] PHP Fatal error:  Function name must be a string in /home/ubuntu/workspace/cst336/labs/lab8/api/favoritesAPI.php on line 16
[19-Apr-2019 00:10:42 UTC] PHP Stack trace:
[19-Apr-2019 00:10:42 UTC] PHP   1. {main}() /home/ubuntu/workspace/cst336/labs/lab8/api/favoritesAPI.php:0
[19-Apr-2019 00:10:57 UTC] PHP Fatal error:  Function name must be a string in /home/ubuntu/workspace/cst336/labs/lab8/api/favoritesAPI.php on line 16
[19-Apr-2019 00:10:57 UTC] PHP Stack trace:
[19-Apr-2019 00:10:57 UTC] PHP   1. {main}() /home/ubuntu/workspace/cst336/labs/lab8/api/favoritesAPI.php:0
[19-Apr-2019 00:17:28 UTC] PHP Fatal error:  Function name must be a string in /home/ubuntu/workspace/cst336/labs/lab8/api/favoritesAPI.php on line 16
[19-Apr-2019 00:17:28 UTC] PHP Stack trace:
[19-Apr-2019 00:17:28 UTC] PHP   1. {main}() /home/ubuntu/workspace/cst336/labs/lab8/api/favoritesAPI.php:0
[19-Apr-2019 00:18:16 UTC] PHP Fatal error:  Function name must be a string in /home/ubuntu/workspace/cst336/labs/lab8/api/favoritesAPI.php on line 15
[19-Apr-2019 00:18:16 UTC] PHP Stack trace:
[19-Apr-2019 00:18:16 UTC] PHP   1. {main}() /home/ubuntu/workspace/cst336/labs/lab8/api/favoritesAPI.php:0
[19-Apr-2019 00:18:18 UTC] PHP Fatal error:  Function name must be a string in /home/ubuntu/workspace/cst336/labs/lab8/api/favoritesAPI.php on line 15
[19-Apr-2019 00:18:18 UTC] PHP Stack trace:
[19-Apr-2019 00:18:18 UTC] PHP   1. {main}() /home/ubuntu/workspace/cst336/labs/lab8/api/favoritesAPI.php:0
[19-Apr-2019 00:23:19 UTC] PHP Fatal error:  Uncaught exception 'PDOException' with message 'SQLSTATE[42000]: Syntax error or access violation: 1065 Query was empty' in /home/ubuntu/workspace/cst336/labs/lab8/api/favoritesAPI.php:30
Stack trace:
#0 /home/ubuntu/workspace/cst336/labs/lab8/api/favoritesAPI.php(30): PDOStatement->execute(Array)
#1 {main}
  thrown in /home/ubuntu/workspace/cst336/labs/lab8/api/favoritesAPI.php on line 30
[19-Apr-2019 00:24:39 UTC] PHP Fatal error:  Uncaught exception 'PDOException' with message 'SQLSTATE[42000]: Syntax error or access violation: 1065 Query was empty' in /home/ubuntu/workspace/cst336/labs/lab8/api/favoritesAPI.php:31
Stack trace:
#0 /home/ubuntu/workspace/cst336/labs/lab8/api/favoritesAPI.php(31): PDOStatement->execute(Array)
#1 {main}
  thrown in /home/ubuntu/workspace/cst336/labs/lab8/api/favoritesAPI.php on line 31
[19-Apr-2019 00:25:33 UTC] PHP Fatal error:  Uncaught exception 'PDOException' with message 'SQLSTATE[42000]: Syntax error or access violation: 1065 Query was empty' in /home/ubuntu/workspace/cst336/labs/lab8/api/favoritesAPI.php:30
Stack trace:
#0 /home/ubuntu/workspace/cst336/labs/lab8/api/favoritesAPI.php(30): PDOStatement->execute(Array)
#1 {main}
  thrown in /home/ubuntu/workspace/cst336/labs/lab8/api/favoritesAPI.php on line 30
[19-Apr-2019 00:25:34 UTC] PHP Fatal error:  Uncaught exception 'PDOException' with message 'SQLSTATE[42000]: Syntax error or access violation: 1065 Query was empty' in /home/ubuntu/workspace/cst336/labs/lab8/api/favoritesAPI.php:30
Stack trace:
#0 /home/ubuntu/workspace/cst336/labs/lab8/api/favoritesAPI.php(30): PDOStatement->execute(Array)
#1 {main}
  thrown in /home/ubuntu/workspace/cst336/labs/lab8/api/favoritesAPI.php on line 30
[19-Apr-2019 00:26:30 UTC] PHP Fatal error:  Uncaught exception 'PDOException' with message 'SQLSTATE[42000]: Syntax error or access violation: 1065 Query was empty' in /home/ubuntu/workspace/cst336/labs/lab8/api/favoritesAPI.php:30
Stack trace:
#0 /home/ubuntu/workspace/cst336/labs/lab8/api/favoritesAPI.php(30): PDOStatement->execute(Array)
#1 {main}
  thrown in /home/ubuntu/workspace/cst336/labs/lab8/api/favoritesAPI.php on line 30
[19-Apr-2019 00:26:31 UTC] PHP Fatal error:  Uncaught exception 'PDOException' with message 'SQLSTATE[42000]: Syntax error or access violation: 1065 Query was empty' in /home/ubuntu/workspace/cst336/labs/lab8/api/favoritesAPI.php:30
Stack trace:
#0 /home/ubuntu/workspace/cst336/labs/lab8/api/favoritesAPI.php(30): PDOStatement->execute(Array)
#1 {main}
  thrown in /home/ubuntu/workspace/cst336/labs/lab8/api/favoritesAPI.php on line 30
[19-Apr-2019 00:26:58 UTC] PHP Fatal error:  Uncaught exception 'PDOException' with message 'SQLSTATE[42000]: Syntax error or access violation: 1065 Query was empty' in /home/ubuntu/workspace/cst336/labs/lab8/api/favoritesAPI.php:30
Stack trace:
#0 /home/ubuntu/workspace/cst336/labs/lab8/api/favoritesAPI.php(30): PDOStatement->execute(Array)
#1 {main}
  thrown in /home/ubuntu/workspace/cst336/labs/lab8/api/favoritesAPI.php on line 30
[19-Apr-2019 00:26:59 UTC] PHP Fatal error:  Uncaught exception 'PDOException' with message 'SQLSTATE[42000]: Syntax error or access violation: 1065 Query was empty' in /home/ubuntu/workspace/cst336/labs/lab8/api/favoritesAPI.php:30
Stack trace:
#0 /home/ubuntu/workspace/cst336/labs/lab8/api/favoritesAPI.php(30): PDOStatement->execute(Array)
#1 {main}
  thrown in /home/ubuntu/workspace/cst336/labs/lab8/api/favoritesAPI.php on line 30
[19-Apr-2019 00:29:48 UTC] PHP Fatal error:  Uncaught exception 'PDOException' with message 'SQLSTATE[42000]: Syntax error or access violation: 1065 Query was empty' in /home/ubuntu/workspace/cst336/labs/lab8/api/favoritesAPI.php:30
Stack trace:
#0 /home/ubuntu/workspace/cst336/labs/lab8/api/favoritesAPI.php(30): PDOStatement->execute(Array)
#1 {main}
  thrown in /home/ubuntu/workspace/cst336/labs/lab8/api/favoritesAPI.php on line 30
[19-Apr-2019 00:30:47 UTC] PHP Fatal error:  Uncaught exception 'PDOException' with message 'SQLSTATE[42000]: Syntax error or access violation: 1065 Query was empty' in /home/ubuntu/workspace/cst336/labs/lab8/api/favoritesAPI.php:30
Stack trace:
#0 /home/ubuntu/workspace/cst336/labs/lab8/api/favoritesAPI.php(30): PDOStatement->execute(Array)
#1 {main}
  thrown in /home/ubuntu/workspace/cst336/labs/lab8/api/favoritesAPI.php on line 30
[19-Apr-2019 00:31:01 UTC] PHP Fatal error:  Uncaught exception 'PDOException' with message 'SQLSTATE[42000]: Syntax error or access violation: 1065 Query was empty' in /home/ubuntu/workspace/cst336/labs/lab8/api/favoritesAPI.php:30
Stack trace:
#0 /home/ubuntu/workspace/cst336/labs/lab8/api/favoritesAPI.php(30): PDOStatement->execute(Array)
#1 {main}
  thrown in /home/ubuntu/workspace/cst336/labs/lab8/api/favoritesAPI.php on line 30
[25-Apr-2019 23:26:12 UTC] PHP Fatal error:  Uncaught exception 'PDOException' with message 'SQLSTATE[42S02]: Base table or view not found: 1146 Table 'c9.lab8_pixabay' doesn't exist' in /home/ubuntu/workspace/cst336/labs/lab8/api/favoritesAPI.php:29
Stack trace:
#0 /home/ubuntu/workspace/cst336/labs/lab8/api/favoritesAPI.php(29): PDOStatement->execute(Array)
#1 {main}
  thrown in /home/ubuntu/workspace/cst336/labs/lab8/api/favoritesAPI.php on line 29
[25-Apr-2019 23:26:22 UTC] PHP Fatal error:  Uncaught exception 'PDOException' with message 'SQLSTATE[42S02]: Base table or view not found: 1146 Table 'c9.lab8_pixabay' doesn't exist' in /home/ubuntu/workspace/cst336/labs/lab8/api/favoritesAPI.php:29
Stack trace:
#0 /home/ubuntu/workspace/cst336/labs/lab8/api/favoritesAPI.php(29): PDOStatement->execute(Array)
#1 {main}
  thrown in /home/ubuntu/workspace/cst336/labs/lab8/api/favoritesAPI.php on line 29
[25-Apr-2019 23:27:59 UTC] PHP Fatal error:  Uncaught exception 'PDOException' with message 'SQLSTATE[42S02]: Base table or view not found: 1146 Table 'c9.lab8_pixabay' doesn't exist' in /home/ubuntu/workspace/cst336/labs/lab8/api/favoritesAPI.php:29
Stack trace:
#0 /home/ubuntu/workspace/cst336/labs/lab8/api/favoritesAPI.php(29): PDOStatement->execute(Array)
#1 {main}
  thrown in /home/ubuntu/workspace/cst336/labs/lab8/api/favoritesAPI.php on line 29
[25-Apr-2019 23:57:10 UTC] PHP Fatal error:  Uncaught exception 'PDOException' with message 'SQLSTATE[42000]: Syntax error or access violation: 1065 Query was empty' in /home/ubuntu/workspace/cst336/labs/lab8/api/favoritesAPI.php:31
Stack trace:
#0 /home/ubuntu/workspace/cst336/labs/lab8/api/favoritesAPI.php(31): PDOStatement->execute(Array)
#1 {main}
  thrown in /home/ubuntu/workspace/cst336/labs/lab8/api/favoritesAPI.php on line 31
[26-Apr-2019 00:20:21 UTC] PHP Fatal error:  Uncaught exception 'PDOException' with message 'SQLSTATE[42000]: Syntax error or access violation: 1065 Query was empty' in /home/ubuntu/workspace/cst336/labs/lab8/api/favoritesAPI.php:33
Stack trace:
#0 /home/ubuntu/workspace/cst336/labs/lab8/api/favoritesAPI.php(33): PDOStatement->execute(Array)
#1 {main}
  thrown in /home/ubuntu/workspace/cst336/labs/lab8/api/favoritesAPI.php on line 33
[26-Apr-2019 00:20:53 UTC] PHP Fatal error:  Uncaught exception 'PDOException' with message 'SQLSTATE[42000]: Syntax error or access violation: 1064 You have an error in your SQL syntax; check the manual that corresponds to your MySQL server version for the right syntax to use near ''lab8_pixabay' WHERE keyword = NULL' at line 1' in /home/ubuntu/workspace/cst336/labs/lab8/api/favoritesAPI.php:33
Stack trace:
#0 /home/ubuntu/workspace/cst336/labs/lab8/api/favoritesAPI.php(33): PDOStatement->execute(Array)
#1 {main}
  thrown in /home/ubuntu/workspace/cst336/labs/lab8/api/favoritesAPI.php on line 33
[26-Apr-2019 00:20:55 UTC] PHP Fatal error:  Uncaught exception 'PDOException' with message 'SQLSTATE[42000]: Syntax error or access violation: 1064 You have an error in your SQL syntax; check the manual that corresponds to your MySQL server version for the right syntax to use near ''lab8_pixabay' WHERE keyword = NULL' at line 1' in /home/ubuntu/workspace/cst336/labs/lab8/api/favoritesAPI.php:33
Stack trace:
#0 /home/ubuntu/workspace/cst336/labs/lab8/api/favoritesAPI.php(33): PDOStatement->execute(Array)
#1 {main}
  thrown in /home/ubuntu/workspace/cst336/labs/lab8/api/favoritesAPI.php on line 33
[26-Apr-2019 00:22:40 UTC] PHP Fatal error:  Uncaught exception 'PDOException' with message 'SQLSTATE[42000]: Syntax error or access violation: 1064 You have an error in your SQL syntax; check the manual that corresponds to your MySQL server version for the right syntax to use near ''lab8_pixabay' WHERE keyword = NULL' at line 1' in /home/ubuntu/workspace/cst336/labs/lab8/api/favoritesAPI.php:33
Stack trace:
#0 /home/ubuntu/workspace/cst336/labs/lab8/api/favoritesAPI.php(33): PDOStatement->execute(Array)
#1 {main}
  thrown in /home/ubuntu/workspace/cst336/labs/lab8/api/favoritesAPI.php on line 33
[26-Apr-2019 00:23:16 UTC] PHP Fatal error:  Uncaught exception 'PDOException' with message 'SQLSTATE[42000]: Syntax error or access violation: 1064 You have an error in your SQL syntax; check the manual that corresponds to your MySQL server version for the right syntax to use near ''lab8_pixabay' WHERE keyword = NULL' at line 1' in /home/ubuntu/workspace/cst336/labs/lab8/api/favoritesAPI.php:33
Stack trace:
#0 /home/ubuntu/workspace/cst336/labs/lab8/api/favoritesAPI.php(33): PDOStatement->execute(Array)
#1 {main}
  thrown in /home/ubuntu/workspace/cst336/labs/lab8/api/favoritesAPI.php on line 33
[26-Apr-2019 00:26:26 UTC] PHP Fatal error:  Uncaught exception 'PDOException' with message 'SQLSTATE[42000]: Syntax error or access violation: 1064 You have an error in your SQL syntax; check the manual that corresponds to your MySQL server version for the right syntax to use near ''lab8_pixabay' WHERE keyword = ' kitty'' at line 1' in /home/ubuntu/workspace/cst336/labs/lab8/api/favoritesAPI.php:33
Stack trace:
#0 /home/ubuntu/workspace/cst336/labs/lab8/api/favoritesAPI.php(33): PDOStatement->execute(Array)
#1 {main}
  thrown in /home/ubuntu/workspace/cst336/labs/lab8/api/favoritesAPI.php on line 33
[26-Apr-2019 00:26:27 UTC] PHP Fatal error:  Uncaught exception 'PDOException' with message 'SQLSTATE[42000]: Syntax error or access violation: 1064 You have an error in your SQL syntax; check the manual that corresponds to your MySQL server version for the right syntax to use near ''lab8_pixabay' WHERE keyword = ' kitty'' at line 1' in /home/ubuntu/workspace/cst336/labs/lab8/api/favoritesAPI.php:33
Stack trace:
#0 /home/ubuntu/workspace/cst336/labs/lab8/api/favoritesAPI.php(33): PDOStatement->execute(Array)
#1 {main}
  thrown in /home/ubuntu/workspace/cst336/labs/lab8/api/favoritesAPI.php on line 33
[26-Apr-2019 00:26:59 UTC] PHP Fatal error:  Uncaught exception 'PDOException' with message 'SQLSTATE[42000]: Syntax error or access violation: 1064 You have an error in your SQL syntax; check the manual that corresponds to your MySQL server version for the right syntax to use near ''lab8_pixabay' WHERE keyword = ' kitty'' at line 1' in /home/ubuntu/workspace/cst336/labs/lab8/api/favoritesAPI.php:33
Stack trace:
#0 /home/ubuntu/workspace/cst336/labs/lab8/api/favoritesAPI.php(33): PDOStatement->execute(Array)
#1 {main}
  thrown in /home/ubuntu/workspace/cst336/labs/lab8/api/favoritesAPI.php on line 33
[26-Apr-2019 00:27:05 UTC] PHP Fatal error:  Uncaught exception 'PDOException' with message 'SQLSTATE[42000]: Syntax error or access violation: 1064 You have an error in your SQL syntax; check the manual that corresponds to your MySQL server version for the right syntax to use near ''lab8_pixabay' WHERE keyword = ' kitty'' at line 1' in /home/ubuntu/workspace/cst336/labs/lab8/api/favoritesAPI.php:33
Stack trace:
#0 /home/ubuntu/workspace/cst336/labs/lab8/api/favoritesAPI.php(33): PDOStatement->execute(Array)
#1 {main}
  thrown in /home/ubuntu/workspace/cst336/labs/lab8/api/favoritesAPI.php on line 33
[26-Apr-2019 00:27:48 UTC] PHP Fatal error:  Uncaught exception 'PDOException' with message 'SQLSTATE[42000]: Syntax error or access violation: 1064 You have an error in your SQL syntax; check the manual that corresponds to your MySQL server version for the right syntax to use near ''lab8_pixabay' WHERE keyword = ' starwars'' at line 1' in /home/ubuntu/workspace/cst336/labs/lab8/api/favoritesAPI.php:33
Stack trace:
#0 /home/ubuntu/workspace/cst336/labs/lab8/api/favoritesAPI.php(33): PDOStatement->execute(Array)
#1 {main}
  thrown in /home/ubuntu/workspace/cst336/labs/lab8/api/favoritesAPI.php on line 33
[26-Apr-2019 00:28:44 UTC] PHP Fatal error:  Uncaught exception 'PDOException' with message 'SQLSTATE[42000]: Syntax error or access violation: 1064 You have an error in your SQL syntax; check the manual that corresponds to your MySQL server version for the right syntax to use near ''lab8_pixabay' WHERE keyword = ' starwars'' at line 1' in /home/ubuntu/workspace/cst336/labs/lab8/api/favoritesAPI.php:33
Stack trace:
#0 /home/ubuntu/workspace/cst336/labs/lab8/api/favoritesAPI.php(33): PDOStatement->execute(Array)
#1 {main}
  thrown in /home/ubuntu/workspace/cst336/labs/lab8/api/favoritesAPI.php on line 33
[26-Apr-2019 00:31:22 UTC] PHP Fatal error:  Uncaught exception 'PDOException' with message 'SQLSTATE[42000]: Syntax error or access violation: 1064 You have an error in your SQL syntax; check the manual that corresponds to your MySQL server version for the right syntax to use near ''lab8_pixabay' WHERE keyword = 'starwars'' at line 1' in /home/ubuntu/workspace/cst336/labs/lab8/api/favoritesAPI.php:33
Stack trace:
#0 /home/ubuntu/workspace/cst336/labs/lab8/api/favoritesAPI.php(33): PDOStatement->execute(Array)
#1 {main}
  thrown in /home/ubuntu/workspace/cst336/labs/lab8/api/favoritesAPI.php on line 33
[26-Apr-2019 00:31:23 UTC] PHP Fatal error:  Uncaught exception 'PDOException' with message 'SQLSTATE[42000]: Syntax error or access violation: 1064 You have an error in your SQL syntax; check the manual that corresponds to your MySQL server version for the right syntax to use near ''lab8_pixabay' WHERE keyword = 'starwars'' at line 1' in /home/ubuntu/workspace/cst336/labs/lab8/api/favoritesAPI.php:33
Stack trace:
#0 /home/ubuntu/workspace/cst336/labs/lab8/api/favoritesAPI.php(33): PDOStatement->execute(Array)
#1 {main}
  thrown in /home/ubuntu/workspace/cst336/labs/lab8/api/favoritesAPI.php on line 33
[26-Apr-2019 00:31:28 UTC] PHP Fatal error:  Uncaught exception 'PDOException' with message 'SQLSTATE[42000]: Syntax error or access violation: 1064 You have an error in your SQL syntax; check the manual that corresponds to your MySQL server version for the right syntax to use near ''lab8_pixabay' WHERE keyword = 'kitty'' at line 1' in /home/ubuntu/workspace/cst336/labs/lab8/api/favoritesAPI.php:33
Stack trace:
#0 /home/ubuntu/workspace/cst336/labs/lab8/api/favoritesAPI.php(33): PDOStatement->execute(Array)
#1 {main}
  thrown in /home/ubuntu/workspace/cst336/labs/lab8/api/favoritesAPI.php on line 33
[26-Apr-2019 00:32:39 UTC] PHP Fatal error:  Uncaught exception 'PDOException' with message 'SQLSTATE[42000]: Syntax error or access violation: 1064 You have an error in your SQL syntax; check the manual that corresponds to your MySQL server version for the right syntax to use near ''lab8_pixabay' WHERE keyword = 'kitty'' at line 1' in /home/ubuntu/workspace/cst336/labs/lab8/api/favoritesAPI.php:33
Stack trace:
#0 /home/ubuntu/workspace/cst336/labs/lab8/api/favoritesAPI.php(33): PDOStatement->execute(Array)
#1 {main}
  thrown in /home/ubuntu/workspace/cst336/labs/lab8/api/favoritesAPI.php on line 33
[26-Apr-2019 00:32:40 UTC] PHP Fatal error:  Uncaught exception 'PDOException' with message 'SQLSTATE[42000]: Syntax error or access violation: 1064 You have an error in your SQL syntax; check the manual that corresponds to your MySQL server version for the right syntax to use near ''lab8_pixabay' WHERE keyword = 'starwars'' at line 1' in /home/ubuntu/workspace/cst336/labs/lab8/api/favoritesAPI.php:33
Stack trace:
#0 /home/ubuntu/workspace/cst336/labs/lab8/api/favoritesAPI.php(33): PDOStatement->execute(Array)
#1 {main}
  thrown in /home/ubuntu/workspace/cst336/labs/lab8/api/favoritesAPI.php on line 33
[26-Apr-2019 00:33:10 UTC] PHP Fatal error:  Uncaught exception 'PDOException' with message 'SQLSTATE[42000]: Syntax error or access violation: 1064 You have an error in your SQL syntax; check the manual that corresponds to your MySQL server version for the right syntax to use near ''lab8_pixabay' WHERE keyword = 'kitty'' at line 1' in /home/ubuntu/workspace/cst336/labs/lab8/api/favoritesAPI.php:33
Stack trace:
#0 /home/ubuntu/workspace/cst336/labs/lab8/api/favoritesAPI.php(33): PDOStatement->execute(Array)
#1 {main}
  thrown in /home/ubuntu/workspace/cst336/labs/lab8/api/favoritesAPI.php on line 33
[26-Apr-2019 00:34:34 UTC] PHP Fatal error:  Uncaught exception 'PDOException' with message 'SQLSTATE[42000]: Syntax error or access violation: 1064 You have an error in your SQL syntax; check the manual that corresponds to your MySQL server version for the right syntax to use near ''lab8_pixabay' WHERE keyword = 'starwars'' at line 1' in /home/ubuntu/workspace/cst336/labs/lab8/api/favoritesAPI.php:33
Stack trace:
#0 /home/ubuntu/workspace/cst336/labs/lab8/api/favoritesAPI.php(33): PDOStatement->execute(Array)
#1 {main}
  thrown in /home/ubuntu/workspace/cst336/labs/lab8/api/favoritesAPI.php on line 33
[26-Apr-2019 00:34:35 UTC] PHP Fatal error:  Uncaught exception 'PDOException' with message 'SQLSTATE[42000]: Syntax error or access violation: 1064 You have an error in your SQL syntax; check the manual that corresponds to your MySQL server version for the right syntax to use near ''lab8_pixabay' WHERE keyword = 'kitty'' at line 1' in /home/ubuntu/workspace/cst336/labs/lab8/api/favoritesAPI.php:33
Stack trace:
#0 /home/ubuntu/workspace/cst336/labs/lab8/api/favoritesAPI.php(33): PDOStatement->execute(Array)
#1 {main}
  thrown in /home/ubuntu/workspace/cst336/labs/lab8/api/favoritesAPI.php on line 33
[26-Apr-2019 00:34:36 UTC] PHP Fatal error:  Uncaught exception 'PDOException' with message 'SQLSTATE[42000]: Syntax error or access violation: 1064 You have an error in your SQL syntax; check the manual that corresponds to your MySQL server version for the right syntax to use near ''lab8_pixabay' WHERE keyword = 'cat'' at line 1' in /home/ubuntu/workspace/cst336/labs/lab8/api/favoritesAPI.php:33
Stack trace:
#0 /home/ubuntu/workspace/cst336/labs/lab8/api/favoritesAPI.php(33): PDOStatement->execute(Array)
#1 {main}
  thrown in /home/ubuntu/workspace/cst336/labs/lab8/api/favoritesAPI.php on line 33
[26-Apr-2019 00:35:03 UTC] PHP Fatal error:  Uncaught exception 'PDOException' with message 'SQLSTATE[42000]: Syntax error or access violation: 1064 You have an error in your SQL syntax; check the manual that corresponds to your MySQL server version for the right syntax to use near ''lab8_pixabay' WHERE keyword = 'starwars'' at line 1' in /home/ubuntu/workspace/cst336/labs/lab8/api/favoritesAPI.php:33
Stack trace:
#0 /home/ubuntu/workspace/cst336/labs/lab8/api/favoritesAPI.php(33): PDOStatement->execute(Array)
#1 {main}
  thrown in /home/ubuntu/workspace/cst336/labs/lab8/api/favoritesAPI.php on line 33
[26-Apr-2019 00:35:04 UTC] PHP Fatal error:  Uncaught exception 'PDOException' with message 'SQLSTATE[42000]: Syntax error or access violation: 1064 You have an error in your SQL syntax; check the manual that corresponds to your MySQL server version for the right syntax to use near ''lab8_pixabay' WHERE keyword = 'kitty'' at line 1' in /home/ubuntu/workspace/cst336/labs/lab8/api/favoritesAPI.php:33
Stack trace:
#0 /home/ubuntu/workspace/cst336/labs/lab8/api/favoritesAPI.php(33): PDOStatement->execute(Array)
#1 {main}
  thrown in /home/ubuntu/workspace/cst336/labs/lab8/api/favoritesAPI.php on line 33
[26-Apr-2019 00:35:05 UTC] PHP Fatal error:  Uncaught exception 'PDOException' with message 'SQLSTATE[42000]: Syntax error or access violation: 1064 You have an error in your SQL syntax; check the manual that corresponds to your MySQL server version for the right syntax to use near ''lab8_pixabay' WHERE keyword = 'kitty'' at line 1' in /home/ubuntu/workspace/cst336/labs/lab8/api/favoritesAPI.php:33
Stack trace:
#0 /home/ubuntu/workspace/cst336/labs/lab8/api/favoritesAPI.php(33): PDOStatement->execute(Array)
#1 {main}
  thrown in /home/ubuntu/workspace/cst336/labs/lab8/api/favoritesAPI.php on line 33
[26-Apr-2019 00:35:05 UTC] PHP Fatal error:  Uncaught exception 'PDOException' with message 'SQLSTATE[42000]: Syntax error or access violation: 1064 You have an error in your SQL syntax; check the manual that corresponds to your MySQL server version for the right syntax to use near ''lab8_pixabay' WHERE keyword = 'cat'' at line 1' in /home/ubuntu/workspace/cst336/labs/lab8/api/favoritesAPI.php:33
Stack trace:
#0 /home/ubuntu/workspace/cst336/labs/lab8/api/favoritesAPI.php(33): PDOStatement->execute(Array)
#1 {main}
  thrown in /home/ubuntu/workspace/cst336/labs/lab8/api/favoritesAPI.php on line 33
[26-Apr-2019 00:35:34 UTC] PHP Fatal error:  Uncaught exception 'PDOException' with message 'SQLSTATE[42000]: Syntax error or access violation: 1064 You have an error in your SQL syntax; check the manual that corresponds to your MySQL server version for the right syntax to use near ''lab8_pixabay' WHERE keyword = 'starwars'' at line 1' in /home/ubuntu/workspace/cst336/labs/lab8/api/favoritesAPI.php:33
Stack trace:
#0 /home/ubuntu/workspace/cst336/labs/lab8/api/favoritesAPI.php(33): PDOStatement->execute(Array)
#1 {main}
  thrown in /home/ubuntu/workspace/cst336/labs/lab8/api/favoritesAPI.php on line 33
[26-Apr-2019 00:35:35 UTC] PHP Fatal error:  Uncaught exception 'PDOException' with message 'SQLSTATE[42000]: Syntax error or access violation: 1064 You have an error in your SQL syntax; check the manual that corresponds to your MySQL server version for the right syntax to use near ''lab8_pixabay' WHERE keyword = 'kitty'' at line 1' in /home/ubuntu/workspace/cst336/labs/lab8/api/favoritesAPI.php:33
Stack trace:
#0 /home/ubuntu/workspace/cst336/labs/lab8/api/favoritesAPI.php(33): PDOStatement->execute(Array)
#1 {main}
  thrown in /home/ubuntu/workspace/cst336/labs/lab8/api/favoritesAPI.php on line 33
[26-Apr-2019 00:35:35 UTC] PHP Fatal error:  Uncaught exception 'PDOException' with message 'SQLSTATE[42000]: Syntax error or access violation: 1064 You have an error in your SQL syntax; check the manual that corresponds to your MySQL server version for the right syntax to use near ''lab8_pixabay' WHERE keyword = 'cat'' at line 1' in /home/ubuntu/workspace/cst336/labs/lab8/api/favoritesAPI.php:33
Stack trace:
#0 /home/ubuntu/workspace/cst336/labs/lab8/api/favoritesAPI.php(33): PDOStatement->execute(Array)
#1 {main}
  thrown in /home/ubuntu/workspace/cst336/labs/lab8/api/favoritesAPI.php on line 33
