[25-Mar-2019 19:52:03 UTC] PHP Fatal error:  Undefined class constant 'ATTR_EMULATE_PREPARE' in /home/ubuntu/workspace/cst336/practice/p7/api/connection.php on line 14
[25-Mar-2019 19:52:03 UTC] PHP Stack trace:
[25-Mar-2019 19:52:03 UTC] PHP   1. {main}() /home/ubuntu/workspace/cst336/practice/p7/api/connection.php:0
[25-Mar-2019 19:52:03 UTC] PHP   2. getDBConnection() /home/ubuntu/workspace/cst336/practice/p7/api/connection.php:33
[25-Mar-2019 19:57:48 UTC] PHP Fatal error:  Undefined class constant 'ATTR_EMULATE_PREPARE' in /home/ubuntu/workspace/cst336/practice/p7/api/connection.php on line 14
[25-Mar-2019 19:57:48 UTC] PHP Stack trace:
[25-Mar-2019 19:57:48 UTC] PHP   1. {main}() /home/ubuntu/workspace/cst336/practice/p7/api/connection.php:0
[25-Mar-2019 19:57:48 UTC] PHP   2. getDBConnection() /home/ubuntu/workspace/cst336/practice/p7/api/connection.php:33
[25-Mar-2019 19:58:03 UTC] PHP Warning:  include(./connect.php): failed to open stream: No such file or directory in /home/ubuntu/workspace/cst336/practice/p7/api/index.php on line 2
[25-Mar-2019 19:58:03 UTC] PHP Stack trace:
[25-Mar-2019 19:58:03 UTC] PHP   1. {main}() /home/ubuntu/workspace/cst336/practice/p7/api/index.php:0
[25-Mar-2019 19:58:03 UTC] PHP Warning:  include(): Failed opening './connect.php' for inclusion (include_path='.:/usr/share/php:/usr/share/pear') in /home/ubuntu/workspace/cst336/practice/p7/api/index.php on line 2
[25-Mar-2019 19:58:03 UTC] PHP Stack trace:
[25-Mar-2019 19:58:03 UTC] PHP   1. {main}() /home/ubuntu/workspace/cst336/practice/p7/api/index.php:0
[25-Mar-2019 19:58:03 UTC] PHP Fatal error:  Call to undefined function getDBConnection() in /home/ubuntu/workspace/cst336/practice/p7/api/index.php on line 4
[25-Mar-2019 19:58:03 UTC] PHP Stack trace:
[25-Mar-2019 19:58:03 UTC] PHP   1. {main}() /home/ubuntu/workspace/cst336/practice/p7/api/index.php:0
[25-Mar-2019 20:14:49 UTC] PHP Fatal error:  Call to undefined function getDBConnection() in /home/ubuntu/workspace/cst336/practice/p7/api/getAll.php on line 4
[25-Mar-2019 20:14:49 UTC] PHP Stack trace:
[25-Mar-2019 20:14:49 UTC] PHP   1. {main}() /home/ubuntu/workspace/cst336/practice/p7/api/getAll.php:0
