[29-Mar-2019 00:28:08 UTC] PHP Fatal error:  Uncaught exception 'PDOException' with message 'SQLSTATE[HY093]: Invalid parameter number: no parameters were bound' in /home/ubuntu/workspace/cst336/midterm/api/getHint.php:12
Stack trace:
#0 /home/ubuntu/workspace/cst336/midterm/api/getHint.php(12): PDOStatement->execute()
#1 {main}
  thrown in /home/ubuntu/workspace/cst336/midterm/api/getHint.php on line 12
[29-Mar-2019 00:28:43 UTC] PHP Fatal error:  Uncaught exception 'PDOException' with message 'SQLSTATE[HY093]: Invalid parameter number: no parameters were bound' in /home/ubuntu/workspace/cst336/midterm/api/getHint.php:10
Stack trace:
#0 /home/ubuntu/workspace/cst336/midterm/api/getHint.php(10): PDOStatement->execute()
#1 {main}
  thrown in /home/ubuntu/workspace/cst336/midterm/api/getHint.php on line 10
[29-Mar-2019 00:30:59 UTC] PHP Fatal error:  Uncaught exception 'PDOException' with message 'SQLSTATE[HY093]: Invalid parameter number: no parameters were bound' in /home/ubuntu/workspace/cst336/midterm/api/getHint.php:10
Stack trace:
#0 /home/ubuntu/workspace/cst336/midterm/api/getHint.php(10): PDOStatement->execute()
#1 {main}
  thrown in /home/ubuntu/workspace/cst336/midterm/api/getHint.php on line 10
[29-Mar-2019 00:31:30 UTC] PHP Fatal error:  Uncaught exception 'PDOException' with message 'SQLSTATE[HY093]: Invalid parameter number: no parameters were bound' in /home/ubuntu/workspace/cst336/midterm/api/getHint.php:10
Stack trace:
#0 /home/ubuntu/workspace/cst336/midterm/api/getHint.php(10): PDOStatement->execute()
#1 {main}
  thrown in /home/ubuntu/workspace/cst336/midterm/api/getHint.php on line 10
[29-Mar-2019 00:32:32 UTC] PHP Fatal error:  Uncaught exception 'PDOException' with message 'SQLSTATE[HY093]: Invalid parameter number: no parameters were bound' in /home/ubuntu/workspace/cst336/midterm/api/getHint.php:10
Stack trace:
#0 /home/ubuntu/workspace/cst336/midterm/api/getHint.php(10): PDOStatement->execute()
#1 {main}
  thrown in /home/ubuntu/workspace/cst336/midterm/api/getHint.php on line 10
[29-Mar-2019 00:33:39 UTC] PHP Fatal error:  Uncaught exception 'PDOException' with message 'SQLSTATE[HY093]: Invalid parameter number: no parameters were bound' in /home/ubuntu/workspace/cst336/midterm/api/getHint.php:10
Stack trace:
#0 /home/ubuntu/workspace/cst336/midterm/api/getHint.php(10): PDOStatement->execute()
#1 {main}
  thrown in /home/ubuntu/workspace/cst336/midterm/api/getHint.php on line 10
[29-Mar-2019 00:34:27 UTC] PHP Warning:  PDOStatement::execute() expects parameter 1 to be array, string given in /home/ubuntu/workspace/cst336/midterm/api/getHint.php on line 10
[29-Mar-2019 00:34:27 UTC] PHP Stack trace:
[29-Mar-2019 00:34:27 UTC] PHP   1. {main}() /home/ubuntu/workspace/cst336/midterm/api/getHint.php:0
[29-Mar-2019 00:34:27 UTC] PHP   2. PDOStatement->execute() /home/ubuntu/workspace/cst336/midterm/api/getHint.php:10
[29-Mar-2019 00:39:54 UTC] PHP Fatal error:  Uncaught exception 'PDOException' with message 'SQLSTATE[HY093]: Invalid parameter number: no parameters were bound' in /home/ubuntu/workspace/cst336/midterm/api/getHint.php:13
Stack trace:
#0 /home/ubuntu/workspace/cst336/midterm/api/getHint.php(13): PDOStatement->execute()
#1 {main}
  thrown in /home/ubuntu/workspace/cst336/midterm/api/getHint.php on line 13
[29-Mar-2019 00:40:05 UTC] PHP Fatal error:  Uncaught exception 'PDOException' with message 'SQLSTATE[HY093]: Invalid parameter number: no parameters were bound' in /home/ubuntu/workspace/cst336/midterm/api/getHint.php:13
Stack trace:
#0 /home/ubuntu/workspace/cst336/midterm/api/getHint.php(13): PDOStatement->execute()
#1 {main}
  thrown in /home/ubuntu/workspace/cst336/midterm/api/getHint.php on line 13
[29-Mar-2019 00:40:06 UTC] PHP Fatal error:  Uncaught exception 'PDOException' with message 'SQLSTATE[HY093]: Invalid parameter number: no parameters were bound' in /home/ubuntu/workspace/cst336/midterm/api/getHint.php:13
Stack trace:
#0 /home/ubuntu/workspace/cst336/midterm/api/getHint.php(13): PDOStatement->execute()
#1 {main}
  thrown in /home/ubuntu/workspace/cst336/midterm/api/getHint.php on line 13
[29-Mar-2019 00:40:22 UTC] PHP Fatal error:  Uncaught exception 'PDOException' with message 'SQLSTATE[HY093]: Invalid parameter number: no parameters were bound' in /home/ubuntu/workspace/cst336/midterm/api/getHint.php:13
Stack trace:
#0 /home/ubuntu/workspace/cst336/midterm/api/getHint.php(13): PDOStatement->execute()
#1 {main}
  thrown in /home/ubuntu/workspace/cst336/midterm/api/getHint.php on line 13
[29-Mar-2019 00:40:23 UTC] PHP Fatal error:  Uncaught exception 'PDOException' with message 'SQLSTATE[HY093]: Invalid parameter number: no parameters were bound' in /home/ubuntu/workspace/cst336/midterm/api/getHint.php:13
Stack trace:
#0 /home/ubuntu/workspace/cst336/midterm/api/getHint.php(13): PDOStatement->execute()
#1 {main}
  thrown in /home/ubuntu/workspace/cst336/midterm/api/getHint.php on line 13
[29-Mar-2019 00:40:30 UTC] PHP Fatal error:  Uncaught exception 'PDOException' with message 'SQLSTATE[HY093]: Invalid parameter number: no parameters were bound' in /home/ubuntu/workspace/cst336/midterm/api/getHint.php:13
Stack trace:
#0 /home/ubuntu/workspace/cst336/midterm/api/getHint.php(13): PDOStatement->execute()
#1 {main}
  thrown in /home/ubuntu/workspace/cst336/midterm/api/getHint.php on line 13
[29-Mar-2019 00:40:32 UTC] PHP Fatal error:  Uncaught exception 'PDOException' with message 'SQLSTATE[HY093]: Invalid parameter number: no parameters were bound' in /home/ubuntu/workspace/cst336/midterm/api/getHint.php:13
Stack trace:
#0 /home/ubuntu/workspace/cst336/midterm/api/getHint.php(13): PDOStatement->execute()
#1 {main}
  thrown in /home/ubuntu/workspace/cst336/midterm/api/getHint.php on line 13
[29-Mar-2019 00:40:36 UTC] PHP Fatal error:  Uncaught exception 'PDOException' with message 'SQLSTATE[HY093]: Invalid parameter number: no parameters were bound' in /home/ubuntu/workspace/cst336/midterm/api/getHint.php:13
Stack trace:
#0 /home/ubuntu/workspace/cst336/midterm/api/getHint.php(13): PDOStatement->execute()
#1 {main}
  thrown in /home/ubuntu/workspace/cst336/midterm/api/getHint.php on line 13
